android/app/build/intermediates/manifest_merge_blame_file/release/manifest-merger-blame-release-report.txt
1<?xml version="1.0" encoding="utf-8"?>
2<manifest xmlns:android="http://schemas.android.com/apk/res/android"
3    package="com.musicapp"
4    android:versionCode="1"
5    android:versionName="1.0" >
6
7    <uses-sdk
8        android:minSdkVersion="21"
8-->src/main/AndroidManifest.xml
9        android:targetSdkVersion="29" />
9-->src/main/AndroidManifest.xml
10
11    <uses-permission android:name="android.permission.INTERNET" />
11-->src/main/AndroidManifest.xml:4:5-67
11-->src/main/AndroidManifest.xml:4:22-64
12    <uses-permission android:name="android.permission.SYSTEM_ALERT_WINDOW" />
12-->src/main/AndroidManifest.xml:6:5-77
12-->src/main/AndroidManifest.xml:6:22-75
13
14    <application
14-->src/main/AndroidManifest.xml:7:5-35:19
15        android:name="com.musicapp.MainApplication"
15-->src/main/AndroidManifest.xml:8:7-38
16        android:allowBackup="true"
16-->src/main/AndroidManifest.xml:12:7-33
17        android:appComponentFactory="androidx.core.app.CoreComponentFactory"
17-->[androidx.core:core:1.1.0] AndroidManifest.xml:24:18-86
18        android:icon="@mipmap/ic_launcher"
18-->src/main/AndroidManifest.xml:10:7-41
19        android:label="@string/app_name"
19-->src/main/AndroidManifest.xml:9:7-39
20        android:roundIcon="@mipmap/ic_launcher_round"
20-->src/main/AndroidManifest.xml:11:7-52
21        android:theme="@style/AppTheme" >
21-->src/main/AndroidManifest.xml:13:7-38
22        <activity
22-->src/main/AndroidManifest.xml:14:7-22:12
23            android:name="com.musicapp.SplashActivity"
23-->src/main/AndroidManifest.xml:15:5-35
24            android:label="@string/app_name"
24-->src/main/AndroidManifest.xml:17:5-37
25            android:theme="@style/SplashTheme" >
25-->src/main/AndroidManifest.xml:16:5-39
26            <intent-filter>
26-->src/main/AndroidManifest.xml:18:5-21:21
27                <action android:name="android.intent.action.MAIN" />
27-->src/main/AndroidManifest.xml:19:9-61
27-->src/main/AndroidManifest.xml:19:17-58
28
29                <category android:name="android.intent.category.LAUNCHER" />
29-->src/main/AndroidManifest.xml:20:9-69
29-->src/main/AndroidManifest.xml:20:19-66
30            </intent-filter>
31        </activity>
32        <activity
32-->src/main/AndroidManifest.xml:23:7-34:18
33            android:name="com.musicapp.MainActivity"
33-->src/main/AndroidManifest.xml:24:9-37
34            android:configChanges="keyboard|keyboardHidden|orientation|screenSize|uiMode"
34-->src/main/AndroidManifest.xml:26:9-86
35            android:exported="true"
35-->src/main/AndroidManifest.xml:29:9-32
36            android:label="@string/app_name"
36-->src/main/AndroidManifest.xml:25:9-41
37            android:launchMode="singleTask"
37-->src/main/AndroidManifest.xml:27:9-40
38            android:windowSoftInputMode="adjustResize" >
38-->src/main/AndroidManifest.xml:28:9-51
39            <intent-filter>
39-->src/main/AndroidManifest.xml:18:5-21:21
40                <action android:name="android.intent.action.MAIN" />
40-->src/main/AndroidManifest.xml:19:9-61
40-->src/main/AndroidManifest.xml:19:17-58
41
42                <category android:name="android.intent.category.LAUNCHER" />
42-->src/main/AndroidManifest.xml:20:9-69
42-->src/main/AndroidManifest.xml:20:19-66
43            </intent-filter>
44        </activity>
45    </application>
46
47</manifest>